[0m11:11:04.991135 [debug] [MainThread]: Sending event: {'category': 'dbt', 'action': 'invocation', 'label': 'start', 'context': [<snowplow_tracker.self_describing_json.SelfDescribingJson object at 0x000001FE7B951160>, <snowplow_tracker.self_describing_json.SelfDescribingJson object at 0x000001FE78780050>, <snowplow_tracker.self_describing_json.SelfDescribingJson object at 0x000001FE7D9C3C50>]}


============================== 11:11:05.022484 | 11a24cb2-9946-4acd-8036-9c1d854a0f9f ==============================
[0m11:11:05.022484 [info ] [MainThread]: Running with dbt=1.11.7
[0m11:11:05.023404 [debug] [MainThread]: running dbt with arguments {'version_check': 'True', 'no_print': 'None', 'static_parser': 'True', 'target_path': 'None', 'warn_error_options': 'WarnErrorOptionsV2(error=[], warn=[], silence=[])', 'printer_width': '80', 'write_json': 'True', 'empty': 'None', 'log_cache_events': 'False', 'introspect': 'True', 'cache_selected_only': 'False', 'fail_fast': 'False', 'debug': 'False', 'log_format': 'default', 'profiles_dir': 'C:\\Users\\Hp\\.dbt', 'send_anonymous_usage_stats': 'True', 'quiet': 'False', 'warn_error': 'None', 'partial_parse': 'True', 'use_colors': 'True', 'invocation_command': 'dbt init crypto_dbt', 'indirect_selection': 'eager', 'use_experimental_parser': 'False', 'log_path': 'logs'}
[0m11:11:05.197789 [info ] [MainThread]: Creating dbt configuration folder at C:\Users\Hp\.dbt
[0m11:11:05.205657 [debug] [MainThread]: Starter project path: C:\Users\Hp\PycharmProjects\crypto_pipeline\.venv\Lib\site-packages\dbt\include\starter_project
[0m11:11:05.227661 [info ] [MainThread]: 
Your new dbt project "crypto_dbt" was created!

For more information on how to configure the profiles.yml file,
please consult the dbt documentation here:

  https://docs.getdbt.com/docs/configure-your-profile

One more thing:

Need help? Don't hesitate to reach out to us via GitHub issues or on Slack:

  https://community.getdbt.com/

Happy modeling!

[0m11:11:05.228424 [info ] [MainThread]: Setting up your profile.
[0m11:17:06.065169 [info ] [MainThread]: Profile crypto_dbt written to C:\Users\Hp\.dbt\profiles.yml using target's profile_template.yml and your supplied values. Run 'dbt debug' to validate the connection.
[0m11:17:06.068276 [debug] [MainThread]: Command `dbt init` succeeded at 11:17:06.067918 after 361.22 seconds
[0m11:17:06.069571 [debug] [MainThread]: Sending event: {'category': 'dbt', 'action': 'invocation', 'label': 'end', 'context': [<snowplow_tracker.self_describing_json.SelfDescribingJson object at 0x000001FE7DB29810>, <snowplow_tracker.self_describing_json.SelfDescribingJson object at 0x000001FE7DB3CEF0>, <snowplow_tracker.self_describing_json.SelfDescribingJson object at 0x000001FE7D81FCE0>]}
[0m11:17:06.070748 [debug] [MainThread]: Flushing usage events
[0m11:17:08.141023 [debug] [MainThread]: An error was encountered while trying to flush usage events
